<?xml version="1.0" encoding="UTF-8"?>
<testng-results skipped="0" failed="0" ignored="0" total="1" passed="1">
  <reporter-output>
  </reporter-output>
  <suite name="Default suite" duration-ms="61196" started-at="2018-08-05T18:38:10Z" finished-at="2018-08-05T18:39:11Z">
    <groups>
    </groups>
    <test name="Default test" duration-ms="61196" started-at="2018-08-05T18:38:10Z" finished-at="2018-08-05T18:39:11Z">
      <class name="com.bosentan.qa.testcases.ClassificationPageFNRPTest">
        <test-method status="PASS" signature="setup()[pri:0, instance:com.bosentan.qa.testcases.ClassificationPageFNRPTest@59ec2012]" name="setup" is-config="true" duration-ms="32753" started-at="2018-08-06T00:08:11Z" finished-at="2018-08-06T00:08:44Z">
          <reporter-output>
          </reporter-output>
        </test-method> <!-- setup -->
        <test-method status="PASS" signature="PatientDetailsTest(java.lang.String, java.lang.String, java.lang.String, java.lang.String, java.lang.String, java.lang.String)[pri:1, instance:com.bosentan.qa.testcases.ClassificationPageFNRPTest@59ec2012]" name="PatientDetailsTest" duration-ms="27790" started-at="2018-08-06T00:08:44Z" data-provider="getBosentanTestData" finished-at="2018-08-06T00:09:11Z">
          <params>
            <param index="0">
              <value>
                <![CDATA[Demein]]>
              </value>
            </param>
            <param index="1">
              <value>
                <![CDATA[Martin]]>
              </value>
            </param>
            <param index="2">
              <value>
                <![CDATA[11/14/1993]]>
              </value>
            </param>
            <param index="3">
              <value>
                <![CDATA[dsfdsfsdf]]>
              </value>
            </param>
            <param index="4">
              <value>
                <![CDATA[85251.0]]>
              </value>
            </param>
            <param index="5">
              <value>
                <![CDATA[3.456789435E9]]>
              </value>
            </param>
          </params>
          <reporter-output>
          </reporter-output>
        </test-method> <!-- PatientDetailsTest -->
      </class> <!-- com.bosentan.qa.testcases.ClassificationPageFNRPTest -->
    </test> <!-- Default test -->
  </suite> <!-- Default suite -->
</testng-results>
